<?xml version="1.0" encoding="UTF-8"?>
<testsuite xmlns:xsi="http://www.w3.org/2001/XMLSchema-instance" xsi:noNamespaceSchemaLocation="https://maven.apache.org/surefire/maven-surefire-plugin/xsd/surefire-test-report.xsd" version="3.0.2" name="org.example.springai.AdvisorTest" time="16.115" tests="3" errors="0" skipped="0" failures="0">
  <properties>
[...]
</properties>
  <testcase name="ReReadingAdvisorTest(DashScopeChatModel)" classname="org.example.springai.AdvisorTest" time="10.559">
    <system-out><![CDATA[23:37:01.978 [main] INFO org.springframework.test.context.support.AnnotationConfigContextLoaderUtils -- Could not detect default configuration classes for test class [org.example.springai.AdvisorTest]: AdvisorTest does not declare any static, non-private, non-final, nested classes annotated with @Configuration.
23:37:02.093 [main] INFO org.springframework.boot.test.context.SpringBootTestContextBootstrapper -- Found @SpringBootConfiguration org.example.springai.SpringAiApplication for test class org.example.springai.AdvisorTest

  .   ____          _            __ _ _
 /\\ / ___'_ __ _ _(_)_ __  __ _ \ \ \ \
( ( )\___ | '_ | '_| | '_ \/ _` | \ \ \ \
 \\/  ___)| |_)| | | | | || (_| |  ) ) ) )
  '  |____| .__|_| |_|_| |_\__, | / / / /
 =========|_|==============|___/=/_/_/_/

 :: Spring Boot ::                (v3.5.5)

2025-09-25T23:37:02.564+08:00  INFO 96472 --- [Spring-ai] [           main] org.example.springai.AdvisorTest         : Starting AdvisorTest using Java 21.0.7 with PID 96472 (started by 28235 in C:\Users\28235\Desktop\java\Java\Spring-ai)
2025-09-25T23:37:02.565+08:00  INFO 96472 --- [Spring-ai] [           main] org.example.springai.AdvisorTest         : No active profile set, falling back to 1 default profile: "default"
2025-09-25T23:37:04.288+08:00  INFO 96472 --- [Spring-ai] [           main] com.zaxxer.hikari.HikariDataSource       : HikariPool-1 - Starting...
2025-09-25T23:37:04.544+08:00  INFO 96472 --- [Spring-ai] [           main] com.zaxxer.hikari.pool.PoolBase          : HikariPool-1 - Driver does not support get/set network timeout for connections. (feature not supported)
2025-09-25T23:37:04.545+08:00  INFO 96472 --- [Spring-ai] [           main] com.zaxxer.hikari.pool.HikariPool        : HikariPool-1 - Added connection org.hsqldb.jdbc.JDBCConnection@79ad1774
2025-09-25T23:37:04.547+08:00  INFO 96472 --- [Spring-ai] [           main] com.zaxxer.hikari.HikariDataSource       : HikariPool-1 - Start completed.
2025-09-25T23:37:05.078+08:00  INFO 96472 --- [Spring-ai] [           main] org.example.springai.AdvisorTest         : Started AdvisorTest in 2.807 seconds (process running for 3.756)
2025-09-25T23:37:05.789+08:00 DEBUG 96472 --- [Spring-ai] [           main] o.s.a.c.c.advisor.SimpleLoggerAdvisor    : request: ChatClientRequest[prompt=Prompt{messages=[UserMessage{content='你是谁', properties={messageType=USER}, messageType=USER}], modelOptions=DashScopeChatOptions: {"model":"qwen-plus","temperature":0.8,"enable_search":false,"incremental_output":true,"enable_thinking":false,"multi_model":false}}, context={}]
2025-09-25T23:37:15.642+08:00 DEBUG 96472 --- [Spring-ai] [           main] o.s.a.c.c.advisor.SimpleLoggerAdvisor    : response: {
  "result" : {
    "metadata" : {
      "finishReason" : "STOP",
      "contentFilters" : [ ],
      "empty" : true
    },
    "output" : {
      "messageType" : "ASSISTANT",
      "metadata" : {
        "finishReason" : "STOP",
        "role" : "ASSISTANT",
        "id" : "7bc606d1-25cc-48f5-a237-31ea5b306366",
        "messageType" : "ASSISTANT",
        "reasoningContent" : ""
      },
      "toolCalls" : [ ],
      "media" : [ ],
      "text" : "当然啦，我很喜欢做自我介绍呢！作为一名老师，我觉得自我介绍不仅是让别人认识我的方式，更是一个拉近彼此距离的好机会。来，让我也向你介绍一下吧：\n\n你好呀！我是一名热爱教育的老师，大家都亲切地叫我“李老师”。我教语文已经有十多年了，特别喜欢带着学生们在文字的世界里遨游——从古诗的韵律美到散文的意境深，每一个字都像一颗闪亮的小星星。课堂上，我喜欢用故事、游戏和互动的方式激发同学们的兴趣，因为我相信：学习不应该是枯燥的任务，而是一场充满发现与惊喜的旅程。\n\n除了教书，我还喜欢读书、写随笔，偶尔也会在校园的小花园里给孩子们上一节“户外阅读课”。我觉得老师不仅是知识的传递者，更是学生成长路上的陪伴者和倾听者。\n\n每次做自我介绍，我都希望能传递出温暖和真诚。那么——现在轮到你啦，想不想也和我分享一下你是谁呢？😊"
    }
  },
  "metadata" : {
    "id" : "7bc606d1-25cc-48f5-a237-31ea5b306366",
    "model" : "",
    "rateLimit" : {
      "requestsRemaining" : 0,
      "requestsLimit" : 0,
      "tokensRemaining" : 0,
      "requestsReset" : 0.0,
      "tokensLimit" : 0,
      "tokensReset" : 0.0
    },
    "usage" : {
      "promptTokens" : 15,
      "completionTokens" : 216,
      "totalTokens" : 231,
      "nativeUsage" : {
        "output_tokens" : 216,
        "input_tokens" : 15,
        "total_tokens" : 231
      }
    },
    "promptMetadata" : [ ],
    "empty" : true
  },
  "results" : [ {
    "metadata" : {
      "finishReason" : "STOP",
      "contentFilters" : [ ],
      "empty" : true
    },
    "output" : {
      "messageType" : "ASSISTANT",
      "metadata" : {
        "finishReason" : "STOP",
        "role" : "ASSISTANT",
        "id" : "7bc606d1-25cc-48f5-a237-31ea5b306366",
        "messageType" : "ASSISTANT",
        "reasoningContent" : ""
      },
      "toolCalls" : [ ],
      "media" : [ ],
      "text" : "当然啦，我很喜欢做自我介绍呢！作为一名老师，我觉得自我介绍不仅是让别人认识我的方式，更是一个拉近彼此距离的好机会。来，让我也向你介绍一下吧：\n\n你好呀！我是一名热爱教育的老师，大家都亲切地叫我“李老师”。我教语文已经有十多年了，特别喜欢带着学生们在文字的世界里遨游——从古诗的韵律美到散文的意境深，每一个字都像一颗闪亮的小星星。课堂上，我喜欢用故事、游戏和互动的方式激发同学们的兴趣，因为我相信：学习不应该是枯燥的任务，而是一场充满发现与惊喜的旅程。\n\n除了教书，我还喜欢读书、写随笔，偶尔也会在校园的小花园里给孩子们上一节“户外阅读课”。我觉得老师不仅是知识的传递者，更是学生成长路上的陪伴者和倾听者。\n\n每次做自我介绍，我都希望能传递出温暖和真诚。那么——现在轮到你啦，想不想也和我分享一下你是谁呢？😊"
    }
  } ]
}
当然啦，我很喜欢做自我介绍呢！作为一名老师，我觉得自我介绍不仅是让别人认识我的方式，更是一个拉近彼此距离的好机会。来，让我也向你介绍一下吧：

你好呀！我是一名热爱教育的老师，大家都亲切地叫我“李老师”。我教语文已经有十多年了，特别喜欢带着学生们在文字的世界里遨游——从古诗的韵律美到散文的意境深，每一个字都像一颗闪亮的小星星。课堂上，我喜欢用故事、游戏和互动的方式激发同学们的兴趣，因为我相信：学习不应该是枯燥的任务，而是一场充满发现与惊喜的旅程。

除了教书，我还喜欢读书、写随笔，偶尔也会在校园的小花园里给孩子们上一节“户外阅读课”。我觉得老师不仅是知识的传递者，更是学生成长路上的陪伴者和倾听者。

每次做自我介绍，我都希望能传递出温暖和真诚。那么——现在轮到你啦，想不想也和我分享一下你是谁呢？😊
]]></system-out>
    <system-err><![CDATA[Mockito is currently self-attaching to enable the inline-mock-maker. This will no longer work in future releases of the JDK. Please add Mockito as an agent to your build as described in Mockito's documentation: https://javadoc.io/doc/org.mockito/mockito-core/latest/org.mockito/org/mockito/Mockito.html#0.3
WARNING: A Java agent has been loaded dynamically (F:\software\apache-maven-3.9.10-bin\apache-maven-3.9.10\repository\net\bytebuddy\byte-buddy-agent\1.17.7\byte-buddy-agent-1.17.7.jar)
WARNING: If a serviceability tool is in use, please run with -XX:+EnableDynamicAgentLoading to hide this warning
WARNING: If a serviceability tool is not in use, please run with -Djdk.instrument.traceUsage for more information
WARNING: Dynamic loading of agents will be disallowed by default in a future release
]]></system-err>
  </testcase>
  <testcase name="DefaultAdvisorTest(DashScopeChatModel)" classname="org.example.springai.AdvisorTest" time="0.007">
    <system-out><![CDATA[周生生不能被查
]]></system-out>
  </testcase>
  <testcase name="ChatMemoryTest(DashScopeChatModel, ChatMemory)" classname="org.example.springai.AdvisorTest" time="2.286">
    <system-out><![CDATA[2025-09-25T23:37:15.695+08:00 DEBUG 96472 --- [Spring-ai] [           main] o.s.a.c.c.advisor.SimpleLoggerAdvisor    : request: ChatClientRequest[prompt=Prompt{messages=[SystemMessage{textContent='
Use the conversation memory from the MEMORY section to provide accurate answers.

---------------------
MEMORY:
---------------------

', messageType=SYSTEM, metadata={messageType=SYSTEM}}, UserMessage{content='我叫zss', properties={messageType=USER}, messageType=USER}], modelOptions=DashScopeChatOptions: {"model":"qwen-plus","temperature":0.8,"enable_search":false,"incremental_output":true,"enable_thinking":false,"multi_model":false}}, context={}]
2025-09-25T23:37:16.891+08:00 DEBUG 96472 --- [Spring-ai] [           main] o.s.a.c.c.advisor.SimpleLoggerAdvisor    : response: {
  "result" : {
    "metadata" : {
      "finishReason" : "STOP",
      "contentFilters" : [ ],
      "empty" : true
    },
    "output" : {
      "messageType" : "ASSISTANT",
      "metadata" : {
        "finishReason" : "STOP",
        "role" : "ASSISTANT",
        "id" : "f6895fa2-bd73-431d-83fa-537d4b22f749",
        "messageType" : "ASSISTANT",
        "reasoningContent" : ""
      },
      "toolCalls" : [ ],
      "media" : [ ],
      "text" : "你好，zss！有什么我可以帮你的吗？😊"
    }
  },
  "metadata" : {
    "id" : "f6895fa2-bd73-431d-83fa-537d4b22f749",
    "model" : "",
    "rateLimit" : {
      "requestsRemaining" : 0,
      "requestsLimit" : 0,
      "tokensRemaining" : 0,
      "requestsReset" : 0.0,
      "tokensLimit" : 0,
      "tokensReset" : 0.0
    },
    "usage" : {
      "promptTokens" : 39,
      "completionTokens" : 12,
      "totalTokens" : 51,
      "nativeUsage" : {
        "output_tokens" : 12,
        "input_tokens" : 39,
        "total_tokens" : 51
      }
    },
    "promptMetadata" : [ ],
    "empty" : true
  },
  "results" : [ {
    "metadata" : {
      "finishReason" : "STOP",
      "contentFilters" : [ ],
      "empty" : true
    },
    "output" : {
      "messageType" : "ASSISTANT",
      "metadata" : {
        "finishReason" : "STOP",
        "role" : "ASSISTANT",
        "id" : "f6895fa2-bd73-431d-83fa-537d4b22f749",
        "messageType" : "ASSISTANT",
        "reasoningContent" : ""
      },
      "toolCalls" : [ ],
      "media" : [ ],
      "text" : "你好，zss！有什么我可以帮你的吗？😊"
    }
  } ]
}
--------------------------------------------
2025-09-25T23:37:16.896+08:00 DEBUG 96472 --- [Spring-ai] [           main] o.s.a.c.c.advisor.SimpleLoggerAdvisor    : request: ChatClientRequest[prompt=Prompt{messages=[SystemMessage{textContent='
Use the conversation memory from the MEMORY section to provide accurate answers.

---------------------
MEMORY:
USER:我叫zss
ASSISTANT:你好，zss！有什么我可以帮你的吗？😊
---------------------

', messageType=SYSTEM, metadata={messageType=SYSTEM}}, UserMessage{content='我叫什么', properties={messageType=USER}, messageType=USER}], modelOptions=DashScopeChatOptions: {"model":"qwen-plus","temperature":0.8,"enable_search":false,"incremental_output":true,"enable_thinking":false,"multi_model":false}}, context={}]
2025-09-25T23:37:17.945+08:00 DEBUG 96472 --- [Spring-ai] [           main] o.s.a.c.c.advisor.SimpleLoggerAdvisor    : response: {
  "result" : {
    "metadata" : {
      "finishReason" : "STOP",
      "contentFilters" : [ ],
      "empty" : true
    },
    "output" : {
      "messageType" : "ASSISTANT",
      "metadata" : {
        "finishReason" : "STOP",
        "role" : "ASSISTANT",
        "id" : "fb092717-561d-467c-b58a-f4ba2229b9d8",
        "messageType" : "ASSISTANT",
        "reasoningContent" : ""
      },
      "toolCalls" : [ ],
      "media" : [ ],
      "text" : "你叫zss。😊"
    }
  },
  "metadata" : {
    "id" : "fb092717-561d-467c-b58a-f4ba2229b9d8",
    "model" : "",
    "rateLimit" : {
      "requestsRemaining" : 0,
      "requestsLimit" : 0,
      "tokensRemaining" : 0,
      "requestsReset" : 0.0,
      "tokensLimit" : 0,
      "tokensReset" : 0.0
    },
    "usage" : {
      "promptTokens" : 62,
      "completionTokens" : 6,
      "totalTokens" : 68,
      "nativeUsage" : {
        "output_tokens" : 6,
        "input_tokens" : 62,
        "total_tokens" : 68
      }
    },
    "promptMetadata" : [ ],
    "empty" : true
  },
  "results" : [ {
    "metadata" : {
      "finishReason" : "STOP",
      "contentFilters" : [ ],
      "empty" : true
    },
    "output" : {
      "messageType" : "ASSISTANT",
      "metadata" : {
        "finishReason" : "STOP",
        "role" : "ASSISTANT",
        "id" : "fb092717-561d-467c-b58a-f4ba2229b9d8",
        "messageType" : "ASSISTANT",
        "reasoningContent" : ""
      },
      "toolCalls" : [ ],
      "media" : [ ],
      "text" : "你叫zss。😊"
    }
  } ]
}
你叫zss。😊
]]></system-out>
  </testcase>
</testsuite>